                            _  __           /        __  _      ·
   _____   ___.___  ___________ //\___   / ·   ______\  .        \ _
  /  __/__/   |  ¬\/   _ ¬\____\/____/  · /   /  __ ¬\ -:---------\/-----.
_/   |   ¬\_  _    \_  _   \_  \/  ¬\_ / / /_/   \/   \_| >cHAT·O·mETER< |
\_____     /__|     /__|    /___     //_/ / \_____     /`----------------'
<----l____/---l____/---l___//\-l____/-\_\/-------l____/------ ---  --   --->_
 |                       __/  \  ___  ___________  /\_________    _______  \/
 | .------------------.  \_    \/  ¬\/  __ ¬\____\/____/  __ ¬\___\____ ¬\_|
 | : >uSER sTATiSTiC< :  /     \/    \_ \____/__ \/  ¬\_  \____/__   \/  _/|
 |_`---------------- - _/       \_____/___     /__     /____     /___/    \_
 \/ -  -- --- ---------\_________/--Stz--\____/--l____/----\____/----\_____/-
 :                                                                         :
 |   # Name/Alias           Location/Group          Time      Chats   Avg  |
 |                                                                         |
 |   1 [MEGA^FORTRESS]      [MF^ENTERPRISE]       1d 11h 17m    459  04:36 |
 |   2 mOTiVE pOWER         .-+-MySTiC-+-.        1d 07h 55m    370  05:10 |
 |   3 Veteran              /V\ENTAL BREAKDOWN!   0d 18h 05m    171  06:20 |
 |   4 skate BOB            < MYSTiC/SLOVAKiA >   0d 17h 44m    118  09:01 |
 |   5 WiSHBRiNGER          GET OFF MY LOG!       0d 13h 45m    126  06:33 |
 |   6 D`sTyLE              [*fUCkIN*][*aROuND*   0d 13h 09m    144  05:28 |
 |   7 KiLLraVeN/MYSTiC     MYSTiC WORLD LEADER   0d 11h 22m    190  03:35 |
 |   8 WHiRLWiND            (*)  R O Y A L  (*)   0d 09h 05m     79  06:53 |
 |   9 LiGHtNiNG!           wE arE diffrenT?!     0d 08h 07m     63  07:44 |
 |  10 iCE                  (*)  R O Y A L  (*)   0d 07h 33m    104  04:21 |
 |  11 Pyxis                Cocaine/Artex/Menta   0d 07h 29m     81  05:32 |
 |  12 DELiTE               (*)  M  Y  T  H  (*   0d 06h 20m     59  06:27 |
 |  13 Exotic               ACCESS / POSSE        0d 06h 09m     88  04:11 |
 |  14 I-GO                 /V\egaWatts           0d 04h 24m     46  05:44 |
 |  15 QuartZ               bERMUdA^mYStiC '95    0d 04h 15m     41  06:13 |
 |  16 JaKe                 (*) PSG / CREAM (*)   0d 04h 05m     55  04:28 |
 |  17 UFOk                 .-+-{ MsT/LsD }-+-.   0d 03h 48m     58  03:56 |
 |  18 koud?                Thuis Bios!           0d 03h 37m     40  05:25 |
 |  19 EUROBYTE             Cocaine/Artex/Whq     0d 03h 24m     42  04:52 |
 |  20 Sir IQ               (v)3nTaL BreAKdOwN    0d 03h 07m     30  06:14 |
 |  21 Talon                * DELiGHT *           0d 03h 04m     35  05:15 |
 |  22 BACKSLASH            Utreg                 0d 02h 33m     15  10:14 |
 |  23 [ÐEMAX^AGRESSøR]     uNDERCoVER bbS, sWE   0d 02h 26m     17  08:37 |
 |  24 Questor              EnDoR                 0d 02h 23m     21  06:50 |
 |  25 Terminator           Te Twilight Zone      0d 02h 22m     15  09:30 |
 |  26 zACK^[sTOOPID/mYTH]  +:[tHE·aLTAR·oF·sAC   0d 02h 19m     29  04:49 |
 |  27 Intox                => B.T.W <=           0d 02h 17m     22  06:15 |
 |  28 Mortician            <* TRITON!! *>        0d 02h 16m     14  09:43 |
 |  29 ApOllO/DDs           -X DD STyLE^LEaD X-   0d 02h 15m     27  05:02 |
 |  30 Stephen King         Who cares             0d 02h 15m     31  04:21 |
 |  31 BIG Gaz              E.K. Glasgow          0d 02h 08m      4  32:02 |
 |  32 Farthface            Weert,Limburg         0d 01h 55m     21  05:30 |
 |  33 Track                South-Afrika          0d 01h 53m     14  08:07 |
 |  34 hardbyte/mystic      SCNENE TALK 8 is co   0d 01h 49m     42  02:36 |
 |  35 Igi                  +Antik Slovakia+      0d 01h 48m     19  05:44 |
 |  36 Prof B-ROM           The LAB BBS/PaRteK    0d 01h 47m     15  07:10 |
 |  37 Cobra                Scepsis / COCAINE     0d 01h 40m     25  04:01 |
 |  38 THE BRAIN            -^ BEYOND_LIMITS ^-   0d 01h 38m     21  04:41 |
 |  39 jONEs                x×X aCCeSS X×x        0d 01h 34m      9  10:27 |
 |  40 Herbie               Born, Holland         0d 01h 28m      6  14:45 |
 |  41 (_sTc^sNoW_)         .o0 5tH DyNASTY 0o.   0d 01h 22m      8  10:20 |
 |  42 mAGIC/mIRAGE             <*> MIRAGE <*>    0d 01h 14m     15  04:59 |
 |  43 rene' kogels         alkmaar               0d 01h 12m     15  04:49 |
 |  44 Prodigy / Amigos     -( STooPiD )-         0d 01h 11m     20  03:33 |
 |  45 RAYON                -* MeLLoW Whq-0ne *   0d 01h 07m      8  08:28 |
 |  46 Blurp!               Schoorl               0d 01h 07m     14  04:47 |
 |  47 Gary                 Drachten              0d 01h 03m      5  12:46 |
 |  48 Alecto               Maastricht            0d 01h 03m      4  15:47 |
 |  49 [-n¿GHTSHADE!-]      [-cYCLONE %% pSG/tF   0d 01h 01m      7  08:46 |
 |  50 INCOGNITO            Mystic!               0d 01h 00m     23  02:38 |
 |  51 Brion Bayard         haarlem               0d 01h 00m      9  06:40 |
 |  52 ..NaSTy DøG..        tHE aLTAR oF sACRIF   0d 01h 00m     17  03:31 |
 |  53 [-tRAiTOR-]          ##> dLT·mST <##       0d 00h 59m     15  03:58 |
 |  54 wanro                stadskanaal           0d 00h 52m      4  13:10 |
 |  55 knight fighter       Bratislawa,Slowakia   0d 00h 52m      6  08:46 |
 |  56 dIABLo               THe PaYoFF/2NDZ/28k   0d 00h 52m     16  03:15 |
 |  57 Dusty/ptl            Barf!- New Order.     0d 00h 51m     18  02:51 |
 |  58 Al Capone            Diedeldiedoem         0d 00h 46m      8  05:46 |
 |  59 greekline            Athens GREECE         0d 00h 45m      8  05:44 |
 |  60 Snake & DelBoy       - DIAMONDS & RUST -   0d 00h 44m     17  02:38 |
 |  61 Odie                 Lisse                 0d 00h 43m     12  03:39 |
 |  62 gufoc                hoogezand             0d 00h 43m      8  05:26 |
 |  63 Na!lS                MeMoRy BaSe           0d 00h 43m      4  10:52 |
 |  64 FURY                 (*) PRESTiGE (*)      0d 00h 42m      5  08:26 |
 |  65 mailman              THE JuNGLe            0d 00h 41m     21  01:59 |
 |  66 ¡DaHo                (*)  R O Y A L  (*)   0d 00h 41m      7  05:54 |
 |  67 Robin Crew           Buffalo, USA          0d 00h 41m     13  03:10 |
 |  68 Array                ChAtsuBo!             0d 00h 41m      6  06:50 |
 |  69 PiNoKiO              -=+) BrAiNlEsS (+=-   0d 00h 40m      7  05:51 |
 |  70 TURBO                Prague, AGONY.42 :)   0d 00h 39m     16  02:28 |
 |  71 Midnight Caller      ScEPsiS/CoCaInE       0d 00h 39m     20  01:58 |
 |  72 Muad'Dib             UNDiSCOVERED!         0d 00h 38m     16  02:25 |
 |  73 choq                 movie land            0d 00h 38m      7  05:26 |
 |  74 The Shadow           Bovenkarspel          0d 00h 37m     10  03:43 |
 |  75 Lisan Al-Gaib        Ikkuh lekker RIJUH!   0d 00h 37m      9  04:07 |
 |  76 Fuzzbox              {:> L0WLIFES <:}      0d 00h 34m      3  11:26 |
 |  77 abonidal             The Sewer             0d 00h 31m     10  03:10 |
 |  78 CHIP                 (*)  R O Y A L  (*)   0d 00h 31m      9  03:29 |
 |  79 Gamemaster           Cyber City            0d 00h 30m      4  07:44 |
 |  80 DISABLED             Haarlem               0d 00h 28m      2  14:29 |
 |  81 THE YANK             America               0d 00h 28m      8  03:33 |
 |  82 minor threat         -= T N T BBS / LPS    0d 00h 27m      5  05:29 |
 |  83 sHARON/5D            mYSTIC^TRSI^ASGARd    0d 00h 27m      5  05:24 |
 |  84 Martijn Walraven     Amsterdam             0d 00h 23m      2  11:52 |
 |  85 -=:>TRIANGLE<:=-     BeRmUdA HoLlAnD       0d 00h 23m     11  02:08 |
 |  86 aRCADE/mST           --< mYSTiC >--        0d 00h 23m      6  03:52 |
 |  87 TyCooN/MySTiC        Channel-><            0d 00h 22m      7  03:15 |
 |  88 SaSqUaTcH            ThE StRaNd Of NiGhT   0d 00h 21m      6  03:37 |
 |  89 funz                 Cocaine / Artex       0d 00h 21m      4  05:18 |
 |  90 Dopey C.c.           TNL - Netherlands     0d 00h 21m      2  10:35 |
 |  91 MARCO COLLIGNON      ZIERIKZEE             0d 00h 20m      1  20:49 |
 |  92 sJAMAAn              smilde dr             0d 00h 20m      2  10:14 |
 |  93 ACTIVE               Somewhere!!           0d 00h 20m      2  10:13 |
 |  94 fletcher             neon city             0d 00h 20m      7  02:51 |
 |  95 D-LOREAN             MyTh/NeVeR.DiEs!!ii   0d 00h 19m      6  03:15 |
 |  96 fairbank             Legoland              0d 00h 19m      7  02:47 |
 |  97 jabba                ANTIK ][ - Prague,C   0d 00h 18m      9  02:04 |
 |  98 ROM-an               MYSTiC                0d 00h 18m      9  02:00 |
 |  99 GAZ                  NEWPORT,IOW           0d 00h 17m      1  17:58 |
 | 100 eigeel               Pixies City           0d 00h 17m      5  03:35 |
 | 101 MAD                  Do you know where f   0d 00h 17m      4  04:17 |
 | 102 burstmode            -=>Infect/Holland!<   0d 00h 16m      4  04:07 |
 | 103 Sorcerer             AchtEr hEt stUUr      0d 00h 16m      3  05:29 |
 | 104 The Mule             :I:N:F:E:C:T:         0d 00h 16m      2  08:11 |
 | 105 Vigo                 --- STooPID ---       0d 00h 14m      4  03:42 |
 | 106 N I K E               -/*/- hOUSE OF STY   0d 00h 14m      5  02:56 |
 | 107 Zizi                 breda                 0d 00h 14m      3  04:51 |
 | 108 The FJ-Drummer       Hoorn                 0d 00h 14m      2  07:15 |
 | 109 INTERPHASE           nose fuck!fast        0d 00h 14m      3  04:47 |
 | 110 hardy bahrke         amsterdam,nl          0d 00h 14m     10  01:24 |
 | 111 TrYcIcLe             hoorn                 0d 00h 13m      4  03:28 |
 | 112 zyx                  Purmerend             0d 00h 13m      2  06:56 |
 | 113 MSW                  ÷«{ Household }»÷     0d 00h 13m      3  04:29 |
 | 114 EMPiRE               LO                    0d 00h 13m     10  01:19 |
 | 115 iceman               stolberg germany      0d 00h 12m      3  04:15 |
 | 116 grandmaster b.       .:| SPC |:.           0d 00h 12m      2  06:17 |
 | 117 Quasar               Razor 1911            0d 00h 12m      1  12:29 |
 | 118 PERpLEXER            HouSE oF iLLUsIoN     0d 00h 12m      6  02:04 |
 | 119 Captain Pizza        NoseFuck! Fast!       0d 00h 12m      3  04:03 |
 | 120 holographic          RijksPolitie!         0d 00h 12m      1  12:08 |
 | 121 GrEeNhOuSe/[L]eGeNd  UiTGeMerGeLde reeTK   0d 00h 11m      4  02:53 |
 | 122 aatje                eibergen              0d 00h 11m      3  03:42 |
 | 123 cRUiSe               fANTAZiA BBS [ UK ]   0d 00h 11m      6  01:50 |
 | 124 Chico                The Attic             0d 00h 10m      3  03:30 |
 | 125 ERDAL KETENCI        ISTANBUL TURKEY       0d 00h 10m      1  10:30 |
 | 126 sWiFt                EtErNItY              0d 00h 10m      6  01:42 |
 | 127 STaRFiX              Nijmegen, GL          0d 00h 09m      4  02:27 |
 | 128 guinan               Haarlem               0d 00h 09m      1  09:08 |
 | 129 Supernal             ENCRYPTED             0d 00h 08m      4  02:14 |
 | 130 roger                H.A.G.G. 94           0d 00h 08m      4  02:08 |
 | 131 Escobeer             Bolsward, Friesland   0d 00h 07m      4  01:55 |
 | 132 AxeBLadE             @hOS/jETSET/cNC.cOM   0d 00h 07m      6  01:16 |
 | 133 sonik                purmerend             0d 00h 07m      3  02:24 |
 | 134 hillbillywillie      EsTa LoCo             0d 00h 07m      1  07:05 |
 | 135 DESERt DANCEr        Slim Blind >= Dom B   0d 00h 06m      4  01:44 |
 | 136 StormCrow            Motive                0d 00h 06m      2  03:28 |
 | 137 Quantum              x×ACCESSS×x           0d 00h 06m      2  03:26 |
 | 138 TheDeath             ==+\+TrY GoD+|+==     0d 00h 06m      2  03:07 |
 | 139 Mephisto             bovenkarspel NH       0d 00h 06m      2  03:03 |
 | 140 JMF                  [    oRiGiN95     ]   0d 00h 06m      4  01:31 |
 | 141 Turbo Brain          -=* DeL!gHt'9t5 *=-   0d 00h 06m      1  06:03 |
 | 142 FACE                 - PUNISHMENT -        0d 00h 05m      1  05:57 |
 | 143 Fertje               Fertje Dome           0d 00h 05m      3  01:55 |
 | 144 PinkPanter           Nitra, Slovakia       0d 00h 05m      1  05:41 |
 | 145 tEAK/mYTH<-!         <-(/)- mYTH -(\)->    0d 00h 05m      1  05:40 |
 | 146 KtN/MelloW           MelloW                0d 00h 05m      3  01:48 |
 | 147 The Pioneer          .:LS:.                0d 00h 05m      1  05:22 |
 | 148 bruintje             hoogkarspel           0d 00h 05m      1  05:13 |
 | 149 pino                 8->The Unknown<-8     0d 00h 05m      1  05:00 |
 | 150 celtic                                     0d 00h 04m      3  01:39 |
 | 151 T.U.S.               STALLION 2 NODES 28   0d 00h 04m      1  04:47 |
 | 152 Hans Schmidt         Alkmaar               0d 00h 04m      2  02:18 |
 | 153 $gt-d                [!] TBC [!]           0d 00h 04m      4  01:09 |
 | 154 Exel                 Oostwold Groningen    0d 00h 04m      1  04:27 |
 | 155 PsYCHLOP             THE BLUE BALCONY      0d 00h 04m      2  02:10 |
 | 156 jan gruiters         hooghout              0d 00h 04m      2  02:05 |
 | 157 devcon               ede                   0d 00h 04m      3  01:23 |
 | 158 eric hebben          heythuysen            0d 00h 04m      2  02:03 |
 | 159 andabata             krat bier             0d 00h 03m      2  01:56 |
 | 160 sCARFACe             [- eDGE! mODEM^oRGA   0d 00h 03m      1  03:50 |
 | 161 Mac                  ScEPsiS/CoCaInE       0d 00h 03m      4  00:56 |
 | 162 HAWK                 EFFECT                0d 00h 03m      1  03:41 |
 | 163 Kool Falco           Trash City BBS        0d 00h 03m      2  01:48 |
 | 164 Dynatron             Toontown              0d 00h 03m      1  03:24 |
 | 165 Motoric              adam                  0d 00h 03m      2  01:41 |
 | 166 Powerbyte            SUDDEN IMPACT/AFL/G   0d 00h 03m      1  03:21 |
 | 167 PhaNtOm/oVl!         (*) cOOl cORONa (*)   0d 00h 03m      2  01:35 |
 | 168 kRasNal              [=\ fReEzeRs /=]      0d 00h 03m      1  03:02 |
 | 169 Cody                 SesAm StraAt          0d 00h 03m      1  03:01 |
 | 170 BuLLsEyE             the 9th guest         0d 00h 02m      1  02:55 |
 | 171 kameleon             amsteldam             0d 00h 02m      2  01:24 |
 | 172 pdf                  de polder             0d 00h 02m      1  02:40 |
 | 173 Dr Faustus           -* HiDDeN EnErGy *-   0d 00h 02m      2  01:19 |
 | 174 2ND PhAsE            ** = K MET P HEHE     0d 00h 02m      2  01:18 |
 | 175 shadow dancer        eelde                 0d 00h 02m      2  01:09 |
 | 176 price                TFA                   0d 00h 02m      1  02:17 |
 | 177 DOC SHaRiM 9         H3llVAtiA             0d 00h 02m      1  02:12 |
 | 178 Iceman/TGC           Lemmer                0d 00h 02m      2  01:01 |
 | 179 BaZZmaN              Tha Muzax From MELL   0d 00h 01m      1  01:57 |
 | 180 PH/TBC!              Zutphen, Holland      0d 00h 01m      1  01:56 |
 | 181 C.NORTON             RUSSIA,St.Petersbur   0d 00h 01m      1  01:50 |
 | 182 Gritter              Space = lame!!!!      0d 00h 01m      1  01:48 |
 | 183 sadus                LOST PARADISE/cRY     0d 00h 01m      2  00:52 |
 | 184 RaFoS                -=- THE CRYPT -=-     0d 00h 01m      2  00:51 |
 | 185 >>BRUTUS<<           <> Brutal Approach    0d 00h 01m      2  00:51 |
 | 186 byteblaster          zwaag                 0d 00h 01m      1  01:42 |
 | 187 yhatware             Zwaag                 0d 00h 01m      1  01:31 |
 | 188 Reval                :-: iNFECT :-:        0d 00h 01m      2  00:44 |
 | 189 dionysus             Free Side             0d 00h 01m      3  00:28 |
 | 190 ACE/ATTRAXiON        }-> ThE SWaMP <-{     0d 00h 01m      1  01:22 |
 | 191 danny chin           Amsterdam             0d 00h 01m      1  01:13 |
 | 192 Mastermar            Germany               0d 00h 01m      1  01:09 |
 | 193 fATE/OUTLAWS         cAFETARIA cOCKIE      0d 00h 01m      2  00:31 |
 | 194 Argon                MelloW                0d 00h 01m      1  01:03 |
 | 195 Cindy & Marlene      Babes In Toyland      0d 00h 00m      1  00:55 |
 | 196 DUNCAN IDAHO         -AM*DAM-              0d 00h 00m      1  00:52 |
 | 197 SLaSh                sWEET dREAMS          0d 00h 00m      1  00:49 |
 | 198 sTeSe                Ceskoslovensko        0d 00h 00m      1  00:43 |
 | 199 fuego/vandalz        Deep Down Hell        0d 00h 00m      1  00:42 |
 | 200 guy frost            facet's pussy / des   0d 00h 00m      1  00:41 |
 | 201 d-fact               rotterdam             0d 00h 00m      1  00:10 |
 :-------------------------------------------------------------------------:
 | Overall avg.: 05:11  Total time: 12d 17h 35m  (c) 1995 by KiLLraVeN/MST |
 `-------------------------------------------------------------------------'

                            _  __           /        __  _      ·
   _____   ___.___  ___________ //\___   / ·   ______\  .        \ _
  /  __/__/   |  ¬\/   _ ¬\____\/____/  · /   /  __ ¬\ -:---------\/-----.
_/   |   ¬\_  _    \_  _   \_  \/  ¬\_ / / /_/   \/   \_| >cHAT·O·mETER< |
\_____     /__|     /__|    /___     //_/ / \_____     /`----------------'
<----l____/---l____/---l___//\-l____/-\_\/-------l____/------ ---  --   --->_
 |                       __/  \  ___  ___________  /\_________    _______  \/
 | .------------------.  \_    \/  ¬\/  __ ¬\____\/____/  __ ¬\___\____ ¬\_|
 | : >uSER sTATiSTiC< :  /     \/    \_ \____/__ \/  ¬\_  \____/__   \/  _/|
 |_`---------------- - _/       \_____/___     /__     /____     /___/    \_
 \/ -  -- --- ---------\_________/--Stz--\____/--l____/----\____/----\_____/-
 :                                                                         :
 |   # Name/Alias           Location/Group          Time      Chats   Avg  |
 |                                                                         |
 |   1 [MEGA^FORTRESS]      [MF^ENTERPRISE]       1d 11h 17m    459  04:36 |
 |   2 mOTiVE pOWER         .-+-MySTiC-+-.        1d 07h 55m    370  05:10 |
 |   3 KiLLraVeN/MYSTiC     MYSTiC WORLD LEADER   0d 11h 22m    190  03:35 |
 |   4 Veteran              /V\ENTAL BREAKDOWN!   0d 18h 05m    171  06:20 |
 |   5 D`sTyLE              [*fUCkIN*][*aROuND*   0d 13h 09m    144  05:28 |
 |   6 WiSHBRiNGER          GET OFF MY LOG!       0d 13h 45m    126  06:33 |
 |   7 skate BOB            < MYSTiC/SLOVAKiA >   0d 17h 44m    118  09:01 |
 |   8 iCE                  (*)  R O Y A L  (*)   0d 07h 33m    104  04:21 |
 |   9 Exotic               ACCESS / POSSE        0d 06h 09m     88  04:11 |
 |  10 Pyxis                Cocaine/Artex/Menta   0d 07h 29m     81  05:32 |
 |  11 WHiRLWiND            (*)  R O Y A L  (*)   0d 09h 05m     79  06:53 |
 |  12 LiGHtNiNG!           wE arE diffrenT?!     0d 08h 07m     63  07:44 |
 |  13 DELiTE               (*)  M  Y  T  H  (*   0d 06h 20m     59  06:27 |
 |  14 UFOk                 .-+-{ MsT/LsD }-+-.   0d 03h 48m     58  03:56 |
 |  15 JaKe                 (*) PSG / CREAM (*)   0d 04h 05m     55  04:28 |
 |  16 I-GO                 /V\egaWatts           0d 04h 24m     46  05:44 |
 |  17 EUROBYTE             Cocaine/Artex/Whq     0d 03h 24m     42  04:52 |
 |  18 hardbyte/mystic      SCNENE TALK 8 is co   0d 01h 49m     42  02:36 |
 |  19 QuartZ               bERMUdA^mYStiC '95    0d 04h 15m     41  06:13 |
 |  20 koud?                Thuis Bios!           0d 03h 37m     40  05:25 |
 |  21 Talon                * DELiGHT *           0d 03h 04m     35  05:15 |
 |  22 Stephen King         Who cares             0d 02h 15m     31  04:21 |
 |  23 Sir IQ               (v)3nTaL BreAKdOwN    0d 03h 07m     30  06:14 |
 |  24 zACK^[sTOOPID/mYTH]  +:[tHE·aLTAR·oF·sAC   0d 02h 19m     29  04:49 |
 |  25 ApOllO/DDs           -X DD STyLE^LEaD X-   0d 02h 15m     27  05:02 |
 |  26 Cobra                Scepsis / COCAINE     0d 01h 40m     25  04:01 |
 |  27 INCOGNITO            Mystic!               0d 01h 00m     23  02:38 |
 |  28 Intox                => B.T.W <=           0d 02h 17m     22  06:15 |
 |  29 mailman              THE JuNGLe            0d 00h 41m     21  01:59 |
 |  30 THE BRAIN            -^ BEYOND_LIMITS ^-   0d 01h 38m     21  04:41 |
 |  31 Farthface            Weert,Limburg         0d 01h 55m     21  05:30 |
 |  32 Questor              EnDoR                 0d 02h 23m     21  06:50 |
 |  33 Midnight Caller      ScEPsiS/CoCaInE       0d 00h 39m     20  01:58 |
 |  34 Prodigy / Amigos     -( STooPiD )-         0d 01h 11m     20  03:33 |
 |  35 Igi                  +Antik Slovakia+      0d 01h 48m     19  05:44 |
 |  36 Dusty/ptl            Barf!- New Order.     0d 00h 51m     18  02:51 |
 |  37 Snake & DelBoy       - DIAMONDS & RUST -   0d 00h 44m     17  02:38 |
 |  38 ..NaSTy DøG..        tHE aLTAR oF sACRIF   0d 01h 00m     17  03:31 |
 |  39 [ÐEMAX^AGRESSøR]     uNDERCoVER bbS, sWE   0d 02h 26m     17  08:37 |
 |  40 Muad'Dib             UNDiSCOVERED!         0d 00h 38m     16  02:25 |
 |  41 TURBO                Prague, AGONY.42 :)   0d 00h 39m     16  02:28 |
 |  42 dIABLo               THe PaYoFF/2NDZ/28k   0d 00h 52m     16  03:15 |
 |  43 rene' kogels         alkmaar               0d 01h 12m     15  04:49 |
 |  44 BACKSLASH            Utreg                 0d 02h 33m     15  10:14 |
 |  45 Terminator           Te Twilight Zone      0d 02h 22m     15  09:30 |
 |  46 Prof B-ROM           The LAB BBS/PaRteK    0d 01h 47m     15  07:10 |
 |  47 mAGIC/mIRAGE             <*> MIRAGE <*>    0d 01h 14m     15  04:59 |
 |  48 [-tRAiTOR-]          ##> dLT·mST <##       0d 00h 59m     15  03:58 |
 |  49 Track                South-Afrika          0d 01h 53m     14  08:07 |
 |  50 Blurp!               Schoorl               0d 01h 07m     14  04:47 |
 |  51 Mortician            <* TRITON!! *>        0d 02h 16m     14  09:43 |
 |  52 Robin Crew           Buffalo, USA          0d 00h 41m     13  03:10 |
 |  53 Odie                 Lisse                 0d 00h 43m     12  03:39 |
 |  54 -=:>TRIANGLE<:=-     BeRmUdA HoLlAnD       0d 00h 23m     11  02:08 |
 |  55 The Shadow           Bovenkarspel          0d 00h 37m     10  03:43 |
 |  56 abonidal             The Sewer             0d 00h 31m     10  03:10 |
 |  57 hardy bahrke         amsterdam,nl          0d 00h 14m     10  01:24 |
 |  58 EMPiRE               LO                    0d 00h 13m     10  01:19 |
 |  59 Brion Bayard         haarlem               0d 01h 00m      9  06:40 |
 |  60 Lisan Al-Gaib        Ikkuh lekker RIJUH!   0d 00h 37m      9  04:07 |
 |  61 ROM-an               MYSTiC                0d 00h 18m      9  02:00 |
 |  62 jabba                ANTIK ][ - Prague,C   0d 00h 18m      9  02:04 |
 |  63 CHIP                 (*)  R O Y A L  (*)   0d 00h 31m      9  03:29 |
 |  64 jONEs                x×X aCCeSS X×x        0d 01h 34m      9  10:27 |
 |  65 gufoc                hoogezand             0d 00h 43m      8  05:26 |
 |  66 Al Capone            Diedeldiedoem         0d 00h 46m      8  05:46 |
 |  67 (_sTc^sNoW_)         .o0 5tH DyNASTY 0o.   0d 01h 22m      8  10:20 |
 |  68 RAYON                -* MeLLoW Whq-0ne *   0d 01h 07m      8  08:28 |
 |  69 THE YANK             America               0d 00h 28m      8  03:33 |
 |  70 greekline            Athens GREECE         0d 00h 45m      8  05:44 |
 |  71 TyCooN/MySTiC        Channel-><            0d 00h 22m      7  03:15 |
 |  72 PiNoKiO              -=+) BrAiNlEsS (+=-   0d 00h 40m      7  05:51 |
 |  73 [-n¿GHTSHADE!-]      [-cYCLONE %% pSG/tF   0d 01h 01m      7  08:46 |
 |  74 choq                 movie land            0d 00h 38m      7  05:26 |
 |  75 fletcher             neon city             0d 00h 20m      7  02:51 |
 |  76 fairbank             Legoland              0d 00h 19m      7  02:47 |
 |  77 ¡DaHo                (*)  R O Y A L  (*)   0d 00h 41m      7  05:54 |
 |  78 AxeBLadE             @hOS/jETSET/cNC.cOM   0d 00h 07m      6  01:16 |
 |  79 D-LOREAN             MyTh/NeVeR.DiEs!!ii   0d 00h 19m      6  03:15 |
 |  80 Herbie               Born, Holland         0d 01h 28m      6  14:45 |
 |  81 sWiFt                EtErNItY              0d 00h 10m      6  01:42 |
 |  82 Array                ChAtsuBo!             0d 00h 41m      6  06:50 |
 |  83 aRCADE/mST           --< mYSTiC >--        0d 00h 23m      6  03:52 |
 |  84 knight fighter       Bratislawa,Slowakia   0d 00h 52m      6  08:46 |
 |  85 cRUiSe               fANTAZiA BBS [ UK ]   0d 00h 11m      6  01:50 |
 |  86 PERpLEXER            HouSE oF iLLUsIoN     0d 00h 12m      6  02:04 |
 |  87 SaSqUaTcH            ThE StRaNd Of NiGhT   0d 00h 21m      6  03:37 |
 |  88 eigeel               Pixies City           0d 00h 17m      5  03:35 |
 |  89 sHARON/5D            mYSTIC^TRSI^ASGARd    0d 00h 27m      5  05:24 |
 |  90 N I K E               -/*/- hOUSE OF STY   0d 00h 14m      5  02:56 |
 |  91 Gary                 Drachten              0d 01h 03m      5  12:46 |
 |  92 minor threat         -= T N T BBS / LPS    0d 00h 27m      5  05:29 |
 |  93 FURY                 (*) PRESTiGE (*)      0d 00h 42m      5  08:26 |
 |  94 Supernal             ENCRYPTED             0d 00h 08m      4  02:14 |
 |  95 TrYcIcLe             hoorn                 0d 00h 13m      4  03:28 |
 |  96 funz                 Cocaine / Artex       0d 00h 21m      4  05:18 |
 |  97 MAD                  Do you know where f   0d 00h 17m      4  04:17 |
 |  98 burstmode            -=>Infect/Holland!<   0d 00h 16m      4  04:07 |
 |  99 Escobeer             Bolsward, Friesland   0d 00h 07m      4  01:55 |
 | 100 GrEeNhOuSe/[L]eGeNd  UiTGeMerGeLde reeTK   0d 00h 11m      4  02:53 |
 | 101 DESERt DANCEr        Slim Blind >= Dom B   0d 00h 06m      4  01:44 |
 | 102 wanro                stadskanaal           0d 00h 52m      4  13:10 |
 | 103 BIG Gaz              E.K. Glasgow          0d 02h 08m      4  32:02 |
 | 104 Gamemaster           Cyber City            0d 00h 30m      4  07:44 |
 | 105 $gt-d                [!] TBC [!]           0d 00h 04m      4  01:09 |
 | 106 Na!lS                MeMoRy BaSe           0d 00h 43m      4  10:52 |
 | 107 Alecto               Maastricht            0d 01h 03m      4  15:47 |
 | 108 Mac                  ScEPsiS/CoCaInE       0d 00h 03m      4  00:56 |
 | 109 roger                H.A.G.G. 94           0d 00h 08m      4  02:08 |
 | 110 JMF                  [    oRiGiN95     ]   0d 00h 06m      4  01:31 |
 | 111 Vigo                 --- STooPID ---       0d 00h 14m      4  03:42 |
 | 112 STaRFiX              Nijmegen, GL          0d 00h 09m      4  02:27 |
 | 113 aatje                eibergen              0d 00h 11m      3  03:42 |
 | 114 Chico                The Attic             0d 00h 10m      3  03:30 |
 | 115 devcon               ede                   0d 00h 04m      3  01:23 |
 | 116 Zizi                 breda                 0d 00h 14m      3  04:51 |
 | 117 dionysus             Free Side             0d 00h 01m      3  00:28 |
 | 118 Fuzzbox              {:> L0WLIFES <:}      0d 00h 34m      3  11:26 |
 | 119 celtic                                     0d 00h 04m      3  01:39 |
 | 120 KtN/MelloW           MelloW                0d 00h 05m      3  01:48 |
 | 121 MSW                  ÷«{ Household }»÷     0d 00h 13m      3  04:29 |
 | 122 Sorcerer             AchtEr hEt stUUr      0d 00h 16m      3  05:29 |
 | 123 INTERPHASE           nose fuck!fast        0d 00h 14m      3  04:47 |
 | 124 Captain Pizza        NoseFuck! Fast!       0d 00h 12m      3  04:03 |
 | 125 iceman               stolberg germany      0d 00h 12m      3  04:15 |
 | 126 sonik                purmerend             0d 00h 07m      3  02:24 |
 | 127 Fertje               Fertje Dome           0d 00h 05m      3  01:55 |
 | 128 2ND PhAsE            ** = K MET P HEHE     0d 00h 02m      2  01:18 |
 | 129 Quantum              x×ACCESSS×x           0d 00h 06m      2  03:26 |
 | 130 Hans Schmidt         Alkmaar               0d 00h 04m      2  02:18 |
 | 131 Kool Falco           Trash City BBS        0d 00h 03m      2  01:48 |
 | 132 sJAMAAn              smilde dr             0d 00h 20m      2  10:14 |
 | 133 >>BRUTUS<<           <> Brutal Approach    0d 00h 01m      2  00:51 |
 | 134 Reval                :-: iNFECT :-:        0d 00h 01m      2  00:44 |
 | 135 Motoric              adam                  0d 00h 03m      2  01:41 |
 | 136 Martijn Walraven     Amsterdam             0d 00h 23m      2  11:52 |
 | 137 eric hebben          heythuysen            0d 00h 04m      2  02:03 |
 | 138 kameleon             amsteldam             0d 00h 02m      2  01:24 |
 | 139 grandmaster b.       .:| SPC |:.           0d 00h 12m      2  06:17 |
 | 140 sadus                LOST PARADISE/cRY     0d 00h 01m      2  00:52 |
 | 141 Mephisto             bovenkarspel NH       0d 00h 06m      2  03:03 |
 | 142 fATE/OUTLAWS         cAFETARIA cOCKIE      0d 00h 01m      2  00:31 |
 | 143 ACTIVE               Somewhere!!           0d 00h 20m      2  10:13 |
 | 144 andabata             krat bier             0d 00h 03m      2  01:56 |
 | 145 StormCrow            Motive                0d 00h 06m      2  03:28 |
 | 146 PhaNtOm/oVl!         (*) cOOl cORONa (*)   0d 00h 03m      2  01:35 |
 | 147 shadow dancer        eelde                 0d 00h 02m      2  01:09 |
 | 148 Dopey C.c.           TNL - Netherlands     0d 00h 21m      2  10:35 |
 | 149 The FJ-Drummer       Hoorn                 0d 00h 14m      2  07:15 |
 | 150 zyx                  Purmerend             0d 00h 13m      2  06:56 |
 | 151 PsYCHLOP             THE BLUE BALCONY      0d 00h 04m      2  02:10 |
 | 152 DISABLED             Haarlem               0d 00h 28m      2  14:29 |
 | 153 The Mule             :I:N:F:E:C:T:         0d 00h 16m      2  08:11 |
 | 154 RaFoS                -=- THE CRYPT -=-     0d 00h 01m      2  00:51 |
 | 155 Dr Faustus           -* HiDDeN EnErGy *-   0d 00h 02m      2  01:19 |
 | 156 TheDeath             ==+\+TrY GoD+|+==     0d 00h 06m      2  03:07 |
 | 157 Iceman/TGC           Lemmer                0d 00h 02m      2  01:01 |
 | 158 jan gruiters         hooghout              0d 00h 04m      2  02:05 |
 | 159 Gritter              Space = lame!!!!      0d 00h 01m      1  01:48 |
 | 160 ACE/ATTRAXiON        }-> ThE SWaMP <-{     0d 00h 01m      1  01:22 |
 | 161 pino                 8->The Unknown<-8     0d 00h 05m      1  05:00 |
 | 162 danny chin           Amsterdam             0d 00h 01m      1  01:13 |
 | 163 DOC SHaRiM 9         H3llVAtiA             0d 00h 02m      1  02:12 |
 | 164 yhatware             Zwaag                 0d 00h 01m      1  01:31 |
 | 165 guy frost            facet's pussy / des   0d 00h 00m      1  00:41 |
 | 166 DUNCAN IDAHO         -AM*DAM-              0d 00h 00m      1  00:52 |
 | 167 tEAK/mYTH<-!         <-(/)- mYTH -(\)->    0d 00h 05m      1  05:40 |
 | 168 guinan               Haarlem               0d 00h 09m      1  09:08 |
 | 169 Dynatron             Toontown              0d 00h 03m      1  03:24 |
 | 170 BaZZmaN              Tha Muzax From MELL   0d 00h 01m      1  01:57 |
 | 171 Mastermar            Germany               0d 00h 01m      1  01:09 |
 | 172 holographic          RijksPolitie!         0d 00h 12m      1  12:08 |
 | 173 MARCO COLLIGNON      ZIERIKZEE             0d 00h 20m      1  20:49 |
 | 174 kRasNal              [=\ fReEzeRs /=]      0d 00h 03m      1  03:02 |
 | 175 d-fact               rotterdam             0d 00h 00m      1  00:10 |
 | 176 PH/TBC!              Zutphen, Holland      0d 00h 01m      1  01:56 |
 | 177 pdf                  de polder             0d 00h 02m      1  02:40 |
 | 178 byteblaster          zwaag                 0d 00h 01m      1  01:42 |
 | 179 Powerbyte            SUDDEN IMPACT/AFL/G   0d 00h 03m      1  03:21 |
 | 180 BuLLsEyE             the 9th guest         0d 00h 02m      1  02:55 |
 | 181 GAZ                  NEWPORT,IOW           0d 00h 17m      1  17:58 |
 | 182 C.NORTON             RUSSIA,St.Petersbur   0d 00h 01m      1  01:50 |
 | 183 Argon                MelloW                0d 00h 01m      1  01:03 |
 | 184 T.U.S.               STALLION 2 NODES 28   0d 00h 04m      1  04:47 |
 | 185 SLaSh                sWEET dREAMS          0d 00h 00m      1  00:49 |
 | 186 sTeSe                Ceskoslovensko        0d 00h 00m      1  00:43 |
 | 187 fuego/vandalz        Deep Down Hell        0d 00h 00m      1  00:42 |
 | 188 price                TFA                   0d 00h 02m      1  02:17 |
 | 189 HAWK                 EFFECT                0d 00h 03m      1  03:41 |
 | 190 sCARFACe             [- eDGE! mODEM^oRGA   0d 00h 03m      1  03:50 |
 | 191 Cody                 SesAm StraAt          0d 00h 03m      1  03:01 |
 | 192 The Pioneer          .:LS:.                0d 00h 05m      1  05:22 |
 | 193 bruintje             hoogkarspel           0d 00h 05m      1  05:13 |
 | 194 Exel                 Oostwold Groningen    0d 00h 04m      1  04:27 |
 | 195 Turbo Brain          -=* DeL!gHt'9t5 *=-   0d 00h 06m      1  06:03 |
 | 196 PinkPanter           Nitra, Slovakia       0d 00h 05m      1  05:41 |
 | 197 Quasar               Razor 1911            0d 00h 12m      1  12:29 |
 | 198 Cindy & Marlene      Babes In Toyland      0d 00h 00m      1  00:55 |
 | 199 hillbillywillie      EsTa LoCo             0d 00h 07m      1  07:05 |
 | 200 ERDAL KETENCI        ISTANBUL TURKEY       0d 00h 10m      1  10:30 |
 | 201 FACE                 - PUNISHMENT -        0d 00h 05m      1  05:57 |
 :-------------------------------------------------------------------------:
 | Overall avg.: 05:11  Total time: 12d 17h 35m  (c) 1995 by KiLLraVeN/MST |
 `-------------------------------------------------------------------------'
